<?xml version="1.0" encoding="UTF-8"?>
<coverage generated="1595357616042" clover="3.2.0">
  <project timestamp="1595357616042" name="All files">
    <metrics statements="9" coveredstatements="9" conditionals="0" coveredconditionals="0" methods="3" coveredmethods="3" elements="12" coveredelements="12" complexity="0" loc="9" ncloc="9" packages="1" files="3" classes="3"/>
    <file name="cloneArray.js" path="C:\Users\David Fauzi\Documents\Web Dev project\JEST-demo\src\cloneArray.js">
      <metrics statements="3" coveredstatements="3" conditionals="0" coveredconditionals="0" methods="1" coveredmethods="1"/>
      <line num="1" count="1" type="stmt"/>
      <line num="2" count="2" type="stmt"/>
      <line num="5" count="1" type="stmt"/>
    </file>
    <file name="substract.js" path="C:\Users\David Fauzi\Documents\Web Dev project\JEST-demo\src\substract.js">
      <metrics statements="3" coveredstatements="3" conditionals="0" coveredconditionals="0" methods="1" coveredmethods="1"/>
      <line num="1" count="1" type="stmt"/>
      <line num="3" count="1" type="stmt"/>
      <line num="6" count="1" type="stmt"/>
    </file>
    <file name="sum.js" path="C:\Users\David Fauzi\Documents\Web Dev project\JEST-demo\src\sum.js">
      <metrics statements="3" coveredstatements="3" conditionals="0" coveredconditionals="0" methods="1" coveredmethods="1"/>
      <line num="1" count="1" type="stmt"/>
      <line num="3" count="1" type="stmt"/>
      <line num="6" count="1" type="stmt"/>
    </file>
  </project>
</coverage>
